2016-02-16 08:40:58,528 INFO  a00904362.Lab5  - Starting Lab5
2016-02-16 08:40:58,530 INFO  a00904362.Lab5  - 2016-02-16T16:40:58.530Z
2016-02-16 08:40:58,593 INFO  a00904362.utils.PlayersIO  - Starting PlayersIO.populatePlayers
2016-02-16 08:40:58,607 INFO  a00904362.Lab5  - End PlayersIO.populatePlayers
2016-02-16 08:40:58,611 INFO  a00904362.utils.PlayersIO  - Starting PlayersIO.displayPlayers
2016-02-16 08:40:58,613 INFO  a00904362.Lab5  - End PlayersIO.displayPlayers
2016-02-16 08:40:58,613 INFO  a00904362.Lab5  - 2016-02-16T16:40:58.613Z
2016-02-16 08:40:58,614 INFO  a00904362.Lab5  - 83 ms
2016-02-16 08:40:58,614 INFO  a00904362.Lab5  - End Lab5. exit_code 0
2016-02-16 08:44:55,671 INFO  a00904362.Lab5  - Starting Lab5
2016-02-16 08:44:55,673 INFO  a00904362.Lab5  - 2016-02-16T16:44:55.673Z
2016-02-16 08:44:55,737 INFO  a00904362.utils.PlayersIO  - Starting PlayersIO.populatePlayers
2016-02-16 08:44:55,750 INFO  a00904362.Lab5  - End PlayersIO.populatePlayers
2016-02-16 08:44:55,753 INFO  a00904362.utils.PlayersIO  - Starting PlayersIO.displayPlayers
2016-02-16 08:44:55,756 INFO  a00904362.Lab5  - End PlayersIO.displayPlayers
2016-02-16 08:44:55,756 INFO  a00904362.Lab5  - 2016-02-16T16:44:55.756Z
2016-02-16 08:44:55,756 INFO  a00904362.Lab5  - 83 ms
2016-02-16 08:44:55,756 INFO  a00904362.Lab5  - End Lab5. exit_code 0
2016-02-16 08:53:27,042 INFO  a00904362.Lab5  - Starting Lab5
2016-02-16 08:53:27,045 INFO  a00904362.Lab5  - 2016-02-16T16:53:27.045Z
2016-02-16 08:53:27,109 INFO  a00904362.utils.PlayersIO  - Starting PlayersIO.populatePlayers
2016-02-16 08:53:27,122 INFO  a00904362.Lab5  - End PlayersIO.populatePlayers
2016-02-16 08:53:27,125 INFO  a00904362.utils.PlayersIO  - Starting PlayersIO.displayPlayers
2016-02-16 08:53:27,127 INFO  a00904362.Lab5  - End PlayersIO.displayPlayers
2016-02-16 08:53:27,127 INFO  a00904362.Lab5  - 2016-02-16T16:53:27.127Z
2016-02-16 08:53:27,128 INFO  a00904362.Lab5  - 82 ms
2016-02-16 08:53:27,128 INFO  a00904362.Lab5  - End Lab5. exit_code 0
2016-02-17 20:28:50,279 INFO  a00904362.Lab5  - Starting Lab5
2016-02-17 20:28:50,281 INFO  a00904362.Lab5  - 2016-02-18T04:28:50.281Z
2016-02-17 20:28:50,343 INFO  a00904362.utils.PlayersIO  - Starting PlayersIO.populatePlayers
2016-02-17 20:28:50,356 INFO  a00904362.Lab5  - End PlayersIO.populatePlayers
2016-02-17 20:28:50,359 INFO  a00904362.utils.PlayersIO  - Starting PlayersIO.displayPlayers
2016-02-17 20:28:50,362 INFO  a00904362.Lab5  - End PlayersIO.displayPlayers
2016-02-17 20:28:50,362 INFO  a00904362.Lab5  - 2016-02-18T04:28:50.362Z
2016-02-17 20:28:50,362 INFO  a00904362.Lab5  - 81 ms
2016-02-17 20:28:50,362 INFO  a00904362.Lab5  - End Lab5. exit_code 0
2016-02-17 20:29:33,786 INFO  a00904362.Lab5  - Starting Lab5
2016-02-17 20:29:33,788 INFO  a00904362.Lab5  - 2016-02-18T04:29:33.788Z
2016-02-17 20:29:33,850 INFO  a00904362.utils.PlayersIO  - Starting PlayersIO.populatePlayers
2016-02-17 20:29:33,850 ERROR a00904362.Lab5  - java.io.FileNotFoundException: players.txt (The system cannot find the file specified)
2016-02-17 20:29:33,850 INFO  a00904362.Lab5  - 2016-02-18T04:29:33.850Z
2016-02-17 20:29:33,850 INFO  a00904362.Lab5  - 62 ms
2016-02-17 20:29:33,851 INFO  a00904362.Lab5  - End Lab5. exit_code -1
2016-02-17 20:30:11,633 INFO  a00904362.Lab5  - Starting Lab5
2016-02-17 20:30:11,636 INFO  a00904362.Lab5  - 2016-02-18T04:30:11.636Z
2016-02-17 20:30:11,697 INFO  a00904362.utils.PlayersIO  - Starting PlayersIO.populatePlayers
2016-02-17 20:30:11,710 INFO  a00904362.Lab5  - End PlayersIO.populatePlayers
2016-02-17 20:30:11,713 INFO  a00904362.utils.PlayersIO  - Starting PlayersIO.displayPlayers
2016-02-17 20:30:11,715 INFO  a00904362.Lab5  - End PlayersIO.displayPlayers
2016-02-17 20:30:11,715 INFO  a00904362.Lab5  - 2016-02-18T04:30:11.715Z
2016-02-17 20:30:11,715 INFO  a00904362.Lab5  - 79 ms
2016-02-17 20:30:11,715 INFO  a00904362.Lab5  - End Lab5. exit_code 0
2016-02-19 15:51:39,843 INFO  a00904362.Lab5  - Starting Lab5
2016-02-19 15:51:39,845 INFO  a00904362.Lab5  - 2016-02-19T23:51:39.845Z
2016-02-19 15:51:39,909 INFO  a00904362.utils.PlayersIO  - Starting PlayersIO.populatePlayers
2016-02-19 15:51:39,922 INFO  a00904362.Lab5  - End PlayersIO.populatePlayers
2016-02-19 15:51:39,925 INFO  a00904362.utils.PlayersIO  - Starting PlayersIO.displayPlayers
2016-02-19 15:51:39,927 INFO  a00904362.Lab5  - End PlayersIO.displayPlayers
2016-02-19 15:51:39,927 INFO  a00904362.Lab5  - 2016-02-19T23:51:39.927Z
2016-02-19 15:51:39,928 INFO  a00904362.Lab5  - 82 ms
2016-02-19 15:51:39,928 INFO  a00904362.Lab5  - End Lab5. exit_code 0
2016-02-19 16:06:19,687 INFO  a00904362.Lab5  - Starting Lab5
2016-02-19 16:06:19,689 INFO  a00904362.Lab5  - 2016-02-20T00:06:19.689Z
2016-02-19 16:06:19,752 INFO  a00904362.utils.PlayersIO  - Starting PlayersIO.populatePlayers
2016-02-19 16:06:19,765 INFO  a00904362.Lab5  - End PlayersIO.populatePlayers
2016-02-19 16:06:19,805 INFO  a00904362.utils.PlayersIO  - Starting PlayersIO.displayPlayers
2016-02-19 16:06:19,807 INFO  a00904362.Lab5  - End PlayersIO.displayPlayers
2016-02-19 16:06:19,807 INFO  a00904362.Lab5  - 2016-02-20T00:06:19.807Z
2016-02-19 16:06:19,807 INFO  a00904362.Lab5  - 118 ms
2016-02-19 16:06:19,807 INFO  a00904362.Lab5  - End Lab5. exit_code 0
2016-02-19 16:15:28,897 INFO  a00904362.Lab5  - Starting Lab5
2016-02-19 16:15:28,899 INFO  a00904362.Lab5  - 2016-02-20T00:15:28.899Z
2016-02-19 16:15:28,961 INFO  a00904362.utils.PlayersIO  - Starting PlayersIO.populatePlayers
2016-02-19 16:15:28,974 INFO  a00904362.Lab5  - End PlayersIO.populatePlayers
2016-02-19 16:15:28,986 INFO  a00904362.utils.PlayersIO  - Starting PlayersIO.displayPlayers
2016-02-19 16:15:28,988 INFO  a00904362.utils.PlayersIO  - Starting PlayersIO.displayPlayers
2016-02-19 16:15:28,990 INFO  a00904362.Lab5  - End PlayersIO.displayPlayers
2016-02-19 16:15:28,990 INFO  a00904362.Lab5  - 2016-02-20T00:15:28.990Z
2016-02-19 16:15:28,990 INFO  a00904362.Lab5  - 91 ms
2016-02-19 16:15:28,990 INFO  a00904362.Lab5  - End Lab5. exit_code 0
2016-02-19 16:16:06,893 INFO  a00904362.Lab5  - Starting Lab5
2016-02-19 16:16:06,895 INFO  a00904362.Lab5  - 2016-02-20T00:16:06.895Z
2016-02-19 16:16:06,958 INFO  a00904362.utils.PlayersIO  - Starting PlayersIO.populatePlayers
2016-02-19 16:16:06,971 INFO  a00904362.Lab5  - End PlayersIO.populatePlayers
2016-02-19 16:16:06,982 INFO  a00904362.utils.PlayersIO  - Starting PlayersIO.displayPlayers
2016-02-19 16:16:06,984 INFO  a00904362.utils.PlayersIO  - Starting PlayersIO.displayPlayers
2016-02-19 16:16:06,985 INFO  a00904362.Lab5  - End PlayersIO.displayPlayers
2016-02-19 16:16:06,986 INFO  a00904362.Lab5  - 2016-02-20T00:16:06.986Z
2016-02-19 16:16:06,986 INFO  a00904362.Lab5  - 91 ms
2016-02-19 16:16:06,986 INFO  a00904362.Lab5  - End Lab5. exit_code 0
2016-02-19 16:17:41,058 INFO  a00904362.Lab5  - Starting Lab5
2016-02-19 16:17:41,061 INFO  a00904362.Lab5  - 2016-02-20T00:17:41.061Z
2016-02-19 16:17:41,124 INFO  a00904362.utils.PlayersIO  - Starting PlayersIO.populatePlayers
2016-02-19 16:17:41,137 INFO  a00904362.Lab5  - End PlayersIO.populatePlayers
2016-02-19 16:17:41,147 INFO  a00904362.utils.PlayersIO  - Starting PlayersIO.displayPlayers
2016-02-19 16:17:41,148 INFO  a00904362.utils.PlayersIO  - Starting PlayersIO.displayPlayers
2016-02-19 16:17:41,150 INFO  a00904362.Lab5  - End PlayersIO.displayPlayers
2016-02-19 16:17:41,150 INFO  a00904362.Lab5  - 2016-02-20T00:17:41.150Z
2016-02-19 16:17:41,151 INFO  a00904362.Lab5  - 89 ms
2016-02-19 16:17:41,151 INFO  a00904362.Lab5  - End Lab5. exit_code 0
2016-02-19 16:18:09,829 INFO  a00904362.Lab5  - Starting Lab5
2016-02-19 16:18:09,831 INFO  a00904362.Lab5  - 2016-02-20T00:18:09.831Z
2016-02-19 16:18:09,893 INFO  a00904362.utils.PlayersIO  - Starting PlayersIO.populatePlayers
2016-02-19 16:18:09,906 INFO  a00904362.Lab5  - End PlayersIO.populatePlayers
2016-02-19 16:18:09,915 INFO  a00904362.utils.PlayersIO  - Starting PlayersIO.displayPlayers
2016-02-19 16:18:09,917 INFO  a00904362.utils.PlayersIO  - Starting PlayersIO.displayPlayers
2016-02-19 16:18:09,919 INFO  a00904362.Lab5  - End PlayersIO.displayPlayers
2016-02-19 16:18:09,919 INFO  a00904362.Lab5  - 2016-02-20T00:18:09.919Z
2016-02-19 16:18:09,920 INFO  a00904362.Lab5  - 88 ms
2016-02-19 16:18:09,920 INFO  a00904362.Lab5  - End Lab5. exit_code 0
2016-02-19 16:18:45,315 INFO  a00904362.Lab5  - Starting Lab5
2016-02-19 16:18:45,318 INFO  a00904362.Lab5  - 2016-02-20T00:18:45.318Z
2016-02-19 16:18:45,381 INFO  a00904362.utils.PlayersIO  - Starting PlayersIO.populatePlayers
2016-02-19 16:18:45,395 INFO  a00904362.Lab5  - End PlayersIO.populatePlayers
2016-02-19 16:18:45,404 INFO  a00904362.utils.PlayersIO  - Starting PlayersIO.displayPlayers
2016-02-19 16:18:45,406 INFO  a00904362.Lab5  - End PlayersIO.displayPlayers
2016-02-19 16:18:45,406 INFO  a00904362.Lab5  - 2016-02-20T00:18:45.406Z
2016-02-19 16:18:45,406 INFO  a00904362.Lab5  - 88 ms
2016-02-19 16:18:45,406 INFO  a00904362.Lab5  - End Lab5. exit_code 0
2016-02-19 16:20:56,683 INFO  a00904362.Lab5  - Starting Lab5
2016-02-19 16:20:56,685 INFO  a00904362.Lab5  - 2016-02-20T00:20:56.685Z
2016-02-19 16:20:56,748 INFO  a00904362.utils.PlayersIO  - Starting PlayersIO.populatePlayers
2016-02-19 16:20:56,761 INFO  a00904362.Lab5  - End PlayersIO.populatePlayers
2016-02-19 16:20:56,770 INFO  a00904362.utils.PlayersIO  - Starting PlayersIO.displayPlayers
2016-02-19 16:20:56,773 INFO  a00904362.Lab5  - End PlayersIO.displayPlayers
2016-02-19 16:20:56,773 INFO  a00904362.Lab5  - 2016-02-20T00:20:56.773Z
2016-02-19 16:20:56,773 INFO  a00904362.Lab5  - 88 ms
2016-02-19 16:20:56,773 INFO  a00904362.Lab5  - End Lab5. exit_code 0
2016-02-19 16:48:15,362 INFO  a00904362.Lab5  - Starting Lab5
2016-02-19 16:48:15,364 INFO  a00904362.Lab5  - 2016-02-20T00:48:15.364Z
2016-02-19 16:48:15,427 INFO  a00904362.utils.PlayersIO  - Starting PlayersIO.populatePlayers
2016-02-19 16:48:15,441 INFO  a00904362.Lab5  - End PlayersIO.populatePlayers
2016-02-19 16:48:15,451 INFO  a00904362.utils.PlayersIO  - Starting PlayersIO.displayPlayers
2016-02-19 16:48:15,452 INFO  a00904362.Lab5  - End PlayersIO.displayPlayers
2016-02-19 16:48:15,452 INFO  a00904362.Lab5  - 2016-02-20T00:48:15.452Z
2016-02-19 16:48:15,452 INFO  a00904362.Lab5  - 88 ms
2016-02-19 16:48:15,452 INFO  a00904362.Lab5  - End Lab5. exit_code 0
2016-02-29 13:09:38,083 INFO  a00904362.Lab5  - Starting Lab5
2016-02-29 13:09:38,101 INFO  a00904362.Lab5  - 2016-02-29T21:09:38.101Z
2016-02-29 13:09:38,175 INFO  a00904362.utils.PlayersIO  - Starting PlayersIO.populatePlayers
2016-02-29 13:09:38,204 INFO  a00904362.Lab5  - End PlayersIO.populatePlayers
2016-02-29 13:09:38,214 INFO  a00904362.utils.PlayersIO  - Starting PlayersIO.displayPlayers
2016-02-29 13:09:38,218 INFO  a00904362.Lab5  - End PlayersIO.displayPlayers
2016-02-29 13:09:38,219 INFO  a00904362.Lab5  - 2016-02-29T21:09:38.219Z
2016-02-29 13:09:38,220 INFO  a00904362.Lab5  - 118 ms
2016-02-29 13:09:38,220 INFO  a00904362.Lab5  - End Lab5. exit_code 0
2016-02-29 13:10:33,611 INFO  a00904362.Lab5  - Starting Lab5
2016-02-29 13:10:33,615 INFO  a00904362.Lab5  - 2016-02-29T21:10:33.615Z
2016-02-29 13:10:33,691 INFO  a00904362.utils.PlayersIO  - Starting PlayersIO.populatePlayers
2016-02-29 13:10:33,718 INFO  a00904362.Lab5  - End PlayersIO.populatePlayers
2016-02-29 13:10:33,740 INFO  a00904362.utils.PlayersIO  - Starting PlayersIO.displayPlayers
2016-02-29 13:10:33,744 INFO  a00904362.Lab5  - End PlayersIO.displayPlayers
2016-02-29 13:10:33,745 INFO  a00904362.Lab5  - 2016-02-29T21:10:33.745Z
2016-02-29 13:10:33,746 INFO  a00904362.Lab5  - 130 ms
2016-02-29 13:10:33,746 INFO  a00904362.Lab5  - End Lab5. exit_code 0
